"Running Frontend REPL..."
Starting client dev build with figwheel...
Figwheel: Stopped watching CSS Watcher paths  ["resources/public/css"]
Figwheel: Stopped watching build - dev
Figwheel: Stopping Websocket Server
Figwheel: Starting server at http://0.0.0.0:3449
Figwheel: Watching build - dev
[0mCompiling "resources/public/js/compiled/vimsical.js" from ["src/frontend" "src/common" "src/vcs" "dev/frontend"]...[0m
[32mSuccessfully compiled "resources/public/js/compiled/vimsical.js" in 1.31 seconds.[0m
Figwheel: Starting CSS Watcher for paths  ["resources/public/css"]
Launching ClojureScript REPL for build: dev
Figwheel Controls:
          (stop-autobuild)                ;; stops Figwheel autobuilder
          (start-autobuild [id ...])      ;; starts autobuilder focused on optional ids
          (switch-to-build id ...)        ;; switches autobuilder to different build
          (reset-autobuild)               ;; stops, cleans, and starts autobuilder
          (reload-config)                 ;; reloads build config and resets autobuild
          (build-once [id ...])           ;; builds source one time
          (clean-builds [id ..])          ;; deletes compiled cljs target files
          (print-config [id ...])         ;; prints out build configurations
          (fig-status)                    ;; displays current state of system
          (figwheel.client/set-autoload false)    ;; will turn autoloading off
          (figwheel.client/set-repl-pprint false) ;; will turn pretty printing off
  Switch REPL build focus:
          :cljs/quit                      ;; allows you to switch REPL to another build
    Docs: (doc function-name-here)
    Exit: Control+C or :cljs/quit
 Results: Stored in vars *1, *2, *3, *e holds last exception object
Prompt will show when Figwheel connects to your application
[36m----  Couldn't load Clojure file  src/frontend/vimsical/frontend/core.cljc   line:1  column:1  ----[0m

  [1mCould not locate vimsical/config__init.class or vimsical/config.clj on classpath.[0m

  [33m1[0m  [1m(ns vimsical.frontend.core[0m
  [0m [0m  [33m^--- Could not locate vimsical/config__init.class or vimsical/config.clj on classpath.[0m
  [36m2[0m  [36m  (:require [reagent.core :as reagent][0m
  [36m3[0m  [36m            [re-frame.core :as re-frame][0m
  [36m4[0m  [36m            [vimsical.config :as config]))[0m

[36m----  Exception Stack Trace  ----[0m

java.io.FileNotFoundException: Could not locate vimsical/config__init.class or vimsical/config.clj on classpath.
 at clojure.lang.RT.load (RT.java:458)
    clojure.lang.RT.load (RT.java:421)
    clojure.core$load$fn__7846.invoke (core.clj:6008)
    clojure.core$load.invokeStatic (core.clj:6007)
    clojure.core$load.doInvoke (core.clj:5991)
    clojure.lang.RestFn.invoke (RestFn.java:408)
    clojure.core$load_one.invokeStatic (core.clj:5812)
    clojure.core$load_one.invoke (core.clj:5807)
    clojure.core$load_lib$fn__7791.invoke (core.clj:5852)
    clojure.core$load_lib.invokeStatic (core.clj:5851)
    clojure.core$load_lib.doInvoke (core.clj:5832)
    clojure.lang.RestFn.applyTo (RestFn.java:142)
    clojure.core$apply.invokeStatic (core.clj:659)
    clojure.core$load_libs.invokeStatic (core.clj:5889)
    clojure.core$load_libs.doInvoke (core.clj:5873)
    clojure.lang.RestFn.applyTo (RestFn.java:137)
    clojure.core$apply.invokeStatic (core.clj:659)
    clojure.core$require.invokeStatic (core.clj:5911)
    clojure.core$require.doInvoke (core.clj:5911)
    clojure.lang.RestFn.invoke (RestFn.java:436)
    vimsical.frontend.core$eval28926$loading__7732__auto____28927.invoke (core.cljc:1)
    vimsical.frontend.core$eval28926.invokeStatic (core.cljc:1)
    vimsical.frontend.core$eval28926.invoke (core.cljc:1)
    clojure.lang.Compiler.eval (Compiler.java:6978)
    clojure.lang.Compiler.eval (Compiler.java:6967)
    clojure.lang.Compiler.load (Compiler.java:7430)
    clojure.lang.Compiler.loadFile (Compiler.java:7368)
    clojure.lang.RT$3.invoke (RT.java:322)
    figwheel_sidecar.build_middleware.clj_reloading$handle_clj_source_reloading.invokeStatic (clj_reloading.clj:61)
    figwheel_sidecar.build_middleware.clj_reloading$handle_clj_source_reloading.invoke (clj_reloading.clj:46)
    figwheel_sidecar.build_middleware.clj_reloading$hook$fn__26482.invoke (clj_reloading.clj:93)
    figwheel_sidecar.build_middleware.javascript_reloading$hook$fn__26515.invoke (javascript_reloading.clj:48)
    figwheel_sidecar.components.cljs_autobuild$color_output$fn__26568.invoke (cljs_autobuild.clj:79)
    figwheel_sidecar.components.cljs_autobuild$execute_build$fn__26609.invoke (cljs_autobuild.clj:231)
    figwheel_sidecar.utils$sync_exec$fn__15804$fn__15805.invoke (utils.clj:13)
    figwheel_sidecar.utils$sync_exec$fn__15804.invoke (utils.clj:12)
    clojure.core$binding_conveyor_fn$fn__6772.invoke (core.clj:2023)
    clojure.lang.AFn.applyToHelper (AFn.java:154)
    clojure.lang.RestFn.applyTo (RestFn.java:132)
    clojure.lang.Agent$Action.doRun (Agent.java:114)
    clojure.lang.Agent$Action.run (Agent.java:163)
    java.util.concurrent.ThreadPoolExecutor.runWorker (ThreadPoolExecutor.java:1142)
    java.util.concurrent.ThreadPoolExecutor$Worker.run (ThreadPoolExecutor.java:617)
    java.lang.Thread.run (Thread.java:745)

[36m----  Couldn't load Clojure file  src/frontend/vimsical/frontend/core.cljc   line:12  column:3  ----[0m

  [1mNo such var: reagent/render[0m

  [36m10[0m  [36m(defn mount-root [][0m
  [36m11[0m  [36m  (re-frame/clear-subscription-cache!)[0m
  [33m12[0m  [1m  (reagent/render [[:h1 "HELLO WORLD"]][0m
  [0m  [0m  [33m  ^--- No such var: reagent/render[0m
  [36m13[0m  [36m                  (.getElementById js/document "app")))[0m
  [36m14[0m  [36m[0m
  [36m15[0m  [36m(defn ^:export init [][0m

[36m----  Exception Stack Trace  ----[0m

java.lang.RuntimeException: No such var: reagent/render
 at clojure.lang.Util.runtimeException (Util.java:221)
    clojure.lang.Compiler.resolveIn (Compiler.java:7189)
    clojure.lang.Compiler.resolve (Compiler.java:7159)
    clojure.lang.Compiler.analyzeSymbol (Compiler.java:7120)
    clojure.lang.Compiler.analyze (Compiler.java:6680)
    clojure.lang.Compiler.analyze (Compiler.java:6657)
    clojure.lang.Compiler$InvokeExpr.parse (Compiler.java:3767)
    clojure.lang.Compiler.analyzeSeq (Compiler.java:6921)
    clojure.lang.Compiler.analyze (Compiler.java:6701)
    clojure.lang.Compiler.analyze (Compiler.java:6657)
    clojure.lang.Compiler$BodyExpr$Parser.parse (Compiler.java:6030)
    clojure.lang.Compiler$FnMethod.parse (Compiler.java:5407)
    clojure.lang.Compiler$FnExpr.parse (Compiler.java:3973)
    clojure.lang.Compiler.analyzeSeq (Compiler.java:6917)
    clojure.lang.Compiler.analyze (Compiler.java:6701)
    clojure.lang.Compiler.analyzeSeq (Compiler.java:6907)
    clojure.lang.Compiler.analyze (Compiler.java:6701)
    clojure.lang.Compiler.access$300 (Compiler.java:38)
    clojure.lang.Compiler$DefExpr$Parser.parse (Compiler.java:589)
    clojure.lang.Compiler.analyzeSeq (Compiler.java:6919)
    clojure.lang.Compiler.analyze (Compiler.java:6701)
    clojure.lang.Compiler.analyze (Compiler.java:6657)
    clojure.lang.Compiler.eval (Compiler.java:6982)
    clojure.lang.Compiler.load (Compiler.java:7430)
    clojure.lang.Compiler.loadFile (Compiler.java:7368)
    clojure.lang.RT$3.invoke (RT.java:322)
    figwheel_sidecar.build_middleware.clj_reloading$handle_clj_source_reloading.invokeStatic (clj_reloading.clj:61)
    figwheel_sidecar.build_middleware.clj_reloading$handle_clj_source_reloading.invoke (clj_reloading.clj:46)
    figwheel_sidecar.build_middleware.clj_reloading$hook$fn__26482.invoke (clj_reloading.clj:93)
    figwheel_sidecar.build_middleware.javascript_reloading$hook$fn__26515.invoke (javascript_reloading.clj:48)
    figwheel_sidecar.components.cljs_autobuild$color_output$fn__26568.invoke (cljs_autobuild.clj:79)
    figwheel_sidecar.components.cljs_autobuild$execute_build$fn__26609.invoke (cljs_autobuild.clj:231)
    figwheel_sidecar.utils$sync_exec$fn__15804$fn__15805.invoke (utils.clj:13)
    figwheel_sidecar.utils$sync_exec$fn__15804.invoke (utils.clj:12)
    clojure.core$binding_conveyor_fn$fn__6772.invoke (core.clj:2023)
    clojure.lang.AFn.applyToHelper (AFn.java:154)
    clojure.lang.RestFn.applyTo (RestFn.java:132)
    clojure.lang.Agent$Action.doRun (Agent.java:114)
    clojure.lang.Agent$Action.run (Agent.java:163)
    java.util.concurrent.ThreadPoolExecutor.runWorker (ThreadPoolExecutor.java:1142)
    java.util.concurrent.ThreadPoolExecutor$Worker.run (ThreadPoolExecutor.java:617)
    java.lang.Thread.run (Thread.java:745)

[36m----  Couldn't load Clojure file  src/frontend/vimsical/frontend/core.cljc   line:17  column:3  ----[0m

  [1mNo such var: reagent/render[0m

  [36m15[0m  [36m(defn mount-root [][0m
  [36m16[0m  [36m  (re-frame/clear-subscription-cache!)[0m
  [33m17[0m  [1m  (reagent/render [temp-root][0m
  [0m  [0m  [33m  ^--- No such var: reagent/render[0m
  [36m18[0m  [36m                  (.getElementById js/document "app")))[0m
  [36m19[0m  [36m[0m
  [36m20[0m  [36m(defn ^:export init [][0m

[36m----  Exception Stack Trace  ----[0m

java.lang.RuntimeException: No such var: reagent/render
 at clojure.lang.Util.runtimeException (Util.java:221)
    clojure.lang.Compiler.resolveIn (Compiler.java:7189)
    clojure.lang.Compiler.resolve (Compiler.java:7159)
    clojure.lang.Compiler.analyzeSymbol (Compiler.java:7120)
    clojure.lang.Compiler.analyze (Compiler.java:6680)
    clojure.lang.Compiler.analyze (Compiler.java:6657)
    clojure.lang.Compiler$InvokeExpr.parse (Compiler.java:3767)
    clojure.lang.Compiler.analyzeSeq (Compiler.java:6921)
    clojure.lang.Compiler.analyze (Compiler.java:6701)
    clojure.lang.Compiler.analyze (Compiler.java:6657)
    clojure.lang.Compiler$BodyExpr$Parser.parse (Compiler.java:6030)
    clojure.lang.Compiler$FnMethod.parse (Compiler.java:5407)
    clojure.lang.Compiler$FnExpr.parse (Compiler.java:3973)
    clojure.lang.Compiler.analyzeSeq (Compiler.java:6917)
    clojure.lang.Compiler.analyze (Compiler.java:6701)
    clojure.lang.Compiler.analyzeSeq (Compiler.java:6907)
    clojure.lang.Compiler.analyze (Compiler.java:6701)
    clojure.lang.Compiler.access$300 (Compiler.java:38)
    clojure.lang.Compiler$DefExpr$Parser.parse (Compiler.java:589)
    clojure.lang.Compiler.analyzeSeq (Compiler.java:6919)
    clojure.lang.Compiler.analyze (Compiler.java:6701)
    clojure.lang.Compiler.analyze (Compiler.java:6657)
    clojure.lang.Compiler.eval (Compiler.java:6982)
    clojure.lang.Compiler.load (Compiler.java:7430)
    clojure.lang.Compiler.loadFile (Compiler.java:7368)
    clojure.lang.RT$3.invoke (RT.java:322)
    figwheel_sidecar.build_middleware.clj_reloading$handle_clj_source_reloading.invokeStatic (clj_reloading.clj:61)
    figwheel_sidecar.build_middleware.clj_reloading$handle_clj_source_reloading.invoke (clj_reloading.clj:46)
    figwheel_sidecar.build_middleware.clj_reloading$hook$fn__26482.invoke (clj_reloading.clj:93)
    figwheel_sidecar.build_middleware.javascript_reloading$hook$fn__26515.invoke (javascript_reloading.clj:48)
    figwheel_sidecar.components.cljs_autobuild$color_output$fn__26568.invoke (cljs_autobuild.clj:79)
    figwheel_sidecar.components.cljs_autobuild$execute_build$fn__26609.invoke (cljs_autobuild.clj:231)
    figwheel_sidecar.utils$sync_exec$fn__15804$fn__15805.invoke (utils.clj:13)
    figwheel_sidecar.utils$sync_exec$fn__15804.invoke (utils.clj:12)
    clojure.core$binding_conveyor_fn$fn__6772.invoke (core.clj:2023)
    clojure.lang.AFn.applyToHelper (AFn.java:154)
    clojure.lang.RestFn.applyTo (RestFn.java:132)
    clojure.lang.Agent$Action.doRun (Agent.java:114)
    clojure.lang.Agent$Action.run (Agent.java:163)
    java.util.concurrent.ThreadPoolExecutor.runWorker (ThreadPoolExecutor.java:1142)
    java.util.concurrent.ThreadPoolExecutor$Worker.run (ThreadPoolExecutor.java:617)
    java.lang.Thread.run (Thread.java:745)

[36m----  Couldn't load Clojure file  src/frontend/vimsical/frontend/core.cljc   line:17  column:3  ----[0m

  [1mNo such var: reagent/render[0m

  [36m15[0m  [36m(defn mount-root [][0m
  [36m16[0m  [36m  (re-frame/clear-subscription-cache!)[0m
  [33m17[0m  [1m  (reagent/render [temp-root][0m
  [0m  [0m  [33m  ^--- No such var: reagent/render[0m
  [36m18[0m  [36m                  (.getElementById js/document "app")))[0m
  [36m19[0m  [36m [0m
  [36m20[0m  [36m(defn ^:export init [][0m

[36m----  Exception Stack Trace  ----[0m

java.lang.RuntimeException: No such var: reagent/render
 at clojure.lang.Util.runtimeException (Util.java:221)
    clojure.lang.Compiler.resolveIn (Compiler.java:7189)
    clojure.lang.Compiler.resolve (Compiler.java:7159)
    clojure.lang.Compiler.analyzeSymbol (Compiler.java:7120)
    clojure.lang.Compiler.analyze (Compiler.java:6680)
    clojure.lang.Compiler.analyze (Compiler.java:6657)
    clojure.lang.Compiler$InvokeExpr.parse (Compiler.java:3767)
    clojure.lang.Compiler.analyzeSeq (Compiler.java:6921)
    clojure.lang.Compiler.analyze (Compiler.java:6701)
    clojure.lang.Compiler.analyze (Compiler.java:6657)
    clojure.lang.Compiler$BodyExpr$Parser.parse (Compiler.java:6030)
    clojure.lang.Compiler$FnMethod.parse (Compiler.java:5407)
    clojure.lang.Compiler$FnExpr.parse (Compiler.java:3973)
    clojure.lang.Compiler.analyzeSeq (Compiler.java:6917)
    clojure.lang.Compiler.analyze (Compiler.java:6701)
    clojure.lang.Compiler.analyzeSeq (Compiler.java:6907)
    clojure.lang.Compiler.analyze (Compiler.java:6701)
    clojure.lang.Compiler.access$300 (Compiler.java:38)
    clojure.lang.Compiler$DefExpr$Parser.parse (Compiler.java:589)
    clojure.lang.Compiler.analyzeSeq (Compiler.java:6919)
    clojure.lang.Compiler.analyze (Compiler.java:6701)
    clojure.lang.Compiler.analyze (Compiler.java:6657)
    clojure.lang.Compiler.eval (Compiler.java:6982)
    clojure.lang.Compiler.load (Compiler.java:7430)
    clojure.lang.Compiler.loadFile (Compiler.java:7368)
    clojure.lang.RT$3.invoke (RT.java:322)
    figwheel_sidecar.build_middleware.clj_reloading$handle_clj_source_reloading.invokeStatic (clj_reloading.clj:61)
    figwheel_sidecar.build_middleware.clj_reloading$handle_clj_source_reloading.invoke (clj_reloading.clj:46)
    figwheel_sidecar.build_middleware.clj_reloading$hook$fn__26490.invoke (clj_reloading.clj:93)
    figwheel_sidecar.build_middleware.javascript_reloading$hook$fn__26523.invoke (javascript_reloading.clj:48)
    figwheel_sidecar.components.cljs_autobuild$color_output$fn__26576.invoke (cljs_autobuild.clj:79)
    figwheel_sidecar.components.cljs_autobuild$execute_build$fn__26617.invoke (cljs_autobuild.clj:231)
    figwheel_sidecar.utils$sync_exec$fn__15812$fn__15813.invoke (utils.clj:13)
    figwheel_sidecar.utils$sync_exec$fn__15812.invoke (utils.clj:12)
    clojure.core$binding_conveyor_fn$fn__6772.invoke (core.clj:2023)
    clojure.lang.AFn.applyToHelper (AFn.java:154)
    clojure.lang.RestFn.applyTo (RestFn.java:132)
    clojure.lang.Agent$Action.doRun (Agent.java:114)
    clojure.lang.Agent$Action.run (Agent.java:163)
    java.util.concurrent.ThreadPoolExecutor.runWorker (ThreadPoolExecutor.java:1142)
    java.util.concurrent.ThreadPoolExecutor$Worker.run (ThreadPoolExecutor.java:617)
    java.lang.Thread.run (Thread.java:745)

[36m----  Couldn't load Clojure file  src/frontend/vimsical/frontend/core.cljc   line:17  column:3  ----[0m

  [1mNo such var: reagent/render[0m

  [36m15[0m  [36m(defn mount-root [][0m
  [36m16[0m  [36m  (re-frame/clear-subscription-cache!)[0m
  [33m17[0m  [1m  (reagent/render [temp-root][0m
  [0m  [0m  [33m  ^--- No such var: reagent/render[0m
  [36m18[0m  [36m                  (.getElementById js/document "app")))[0m
  [36m19[0m  [36m[0m
  [36m20[0m  [36m(defn ^:export init [][0m

[36m----  Exception Stack Trace  ----[0m

java.lang.RuntimeException: No such var: reagent/render
 at clojure.lang.Util.runtimeException (Util.java:221)
    clojure.lang.Compiler.resolveIn (Compiler.java:7189)
    clojure.lang.Compiler.resolve (Compiler.java:7159)
    clojure.lang.Compiler.analyzeSymbol (Compiler.java:7120)
    clojure.lang.Compiler.analyze (Compiler.java:6680)
    clojure.lang.Compiler.analyze (Compiler.java:6657)
    clojure.lang.Compiler$InvokeExpr.parse (Compiler.java:3767)
    clojure.lang.Compiler.analyzeSeq (Compiler.java:6921)
    clojure.lang.Compiler.analyze (Compiler.java:6701)
    clojure.lang.Compiler.analyze (Compiler.java:6657)
    clojure.lang.Compiler$BodyExpr$Parser.parse (Compiler.java:6030)
    clojure.lang.Compiler$FnMethod.parse (Compiler.java:5407)
    clojure.lang.Compiler$FnExpr.parse (Compiler.java:3973)
    clojure.lang.Compiler.analyzeSeq (Compiler.java:6917)
    clojure.lang.Compiler.analyze (Compiler.java:6701)
    clojure.lang.Compiler.analyzeSeq (Compiler.java:6907)
    clojure.lang.Compiler.analyze (Compiler.java:6701)
    clojure.lang.Compiler.access$300 (Compiler.java:38)
    clojure.lang.Compiler$DefExpr$Parser.parse (Compiler.java:589)
    clojure.lang.Compiler.analyzeSeq (Compiler.java:6919)
    clojure.lang.Compiler.analyze (Compiler.java:6701)
    clojure.lang.Compiler.analyze (Compiler.java:6657)
    clojure.lang.Compiler.eval (Compiler.java:6982)
    clojure.lang.Compiler.load (Compiler.java:7430)
    clojure.lang.Compiler.loadFile (Compiler.java:7368)
    clojure.lang.RT$3.invoke (RT.java:322)
    figwheel_sidecar.build_middleware.clj_reloading$handle_clj_source_reloading.invokeStatic (clj_reloading.clj:61)
    figwheel_sidecar.build_middleware.clj_reloading$handle_clj_source_reloading.invoke (clj_reloading.clj:46)
    figwheel_sidecar.build_middleware.clj_reloading$hook$fn__26490.invoke (clj_reloading.clj:93)
    figwheel_sidecar.build_middleware.javascript_reloading$hook$fn__26523.invoke (javascript_reloading.clj:48)
    figwheel_sidecar.components.cljs_autobuild$color_output$fn__26576.invoke (cljs_autobuild.clj:79)
    figwheel_sidecar.components.cljs_autobuild$execute_build$fn__26617.invoke (cljs_autobuild.clj:231)
    figwheel_sidecar.utils$sync_exec$fn__15812$fn__15813.invoke (utils.clj:13)
    figwheel_sidecar.utils$sync_exec$fn__15812.invoke (utils.clj:12)
    clojure.core$binding_conveyor_fn$fn__6772.invoke (core.clj:2023)
    clojure.lang.AFn.applyToHelper (AFn.java:154)
    clojure.lang.RestFn.applyTo (RestFn.java:132)
    clojure.lang.Agent$Action.doRun (Agent.java:114)
    clojure.lang.Agent$Action.run (Agent.java:163)
    java.util.concurrent.ThreadPoolExecutor.runWorker (ThreadPoolExecutor.java:1142)
    java.util.concurrent.ThreadPoolExecutor$Worker.run (ThreadPoolExecutor.java:617)
    java.lang.Thread.run (Thread.java:745)

[36m----  Couldn't load Clojure file  src/frontend/vimsical/frontend/core.cljc   line:17  column:3  ----[0m

  [1mNo such var: reagent/render[0m

  [36m15[0m  [36m(defn mount-root [][0m
  [36m16[0m  [36m  (re-frame/clear-subscription-cache!)[0m
  [33m17[0m  [1m  (reagent/render [temp-root][0m
  [0m  [0m  [33m  ^--- No such var: reagent/render[0m
  [36m18[0m  [36m                  (.getElementById js/document "app"))) [0m
  [36m19[0m  [36m[0m
  [36m20[0m  [36m(defn ^:export init [][0m

[36m----  Exception Stack Trace  ----[0m

java.lang.RuntimeException: No such var: reagent/render
 at clojure.lang.Util.runtimeException (Util.java:221)
    clojure.lang.Compiler.resolveIn (Compiler.java:7189)
    clojure.lang.Compiler.resolve (Compiler.java:7159)
    clojure.lang.Compiler.analyzeSymbol (Compiler.java:7120)
    clojure.lang.Compiler.analyze (Compiler.java:6680)
    clojure.lang.Compiler.analyze (Compiler.java:6657)
    clojure.lang.Compiler$InvokeExpr.parse (Compiler.java:3767)
    clojure.lang.Compiler.analyzeSeq (Compiler.java:6921)
    clojure.lang.Compiler.analyze (Compiler.java:6701)
    clojure.lang.Compiler.analyze (Compiler.java:6657)
    clojure.lang.Compiler$BodyExpr$Parser.parse (Compiler.java:6030)
    clojure.lang.Compiler$FnMethod.parse (Compiler.java:5407)
    clojure.lang.Compiler$FnExpr.parse (Compiler.java:3973)
    clojure.lang.Compiler.analyzeSeq (Compiler.java:6917)
    clojure.lang.Compiler.analyze (Compiler.java:6701)
    clojure.lang.Compiler.analyzeSeq (Compiler.java:6907)
    clojure.lang.Compiler.analyze (Compiler.java:6701)
    clojure.lang.Compiler.access$300 (Compiler.java:38)
    clojure.lang.Compiler$DefExpr$Parser.parse (Compiler.java:589)
    clojure.lang.Compiler.analyzeSeq (Compiler.java:6919)
    clojure.lang.Compiler.analyze (Compiler.java:6701)
    clojure.lang.Compiler.analyze (Compiler.java:6657)
    clojure.lang.Compiler.eval (Compiler.java:6982)
    clojure.lang.Compiler.load (Compiler.java:7430)
    clojure.lang.Compiler.loadFile (Compiler.java:7368)
    clojure.lang.RT$3.invoke (RT.java:322)
    figwheel_sidecar.build_middleware.clj_reloading$handle_clj_source_reloading.invokeStatic (clj_reloading.clj:61)
    figwheel_sidecar.build_middleware.clj_reloading$handle_clj_source_reloading.invoke (clj_reloading.clj:46)
    figwheel_sidecar.build_middleware.clj_reloading$hook$fn__26490.invoke (clj_reloading.clj:93)
    figwheel_sidecar.build_middleware.javascript_reloading$hook$fn__26523.invoke (javascript_reloading.clj:48)
    figwheel_sidecar.components.cljs_autobuild$color_output$fn__26576.invoke (cljs_autobuild.clj:79)
    figwheel_sidecar.components.cljs_autobuild$execute_build$fn__26617.invoke (cljs_autobuild.clj:231)
    figwheel_sidecar.utils$sync_exec$fn__15812$fn__15813.invoke (utils.clj:13)
    figwheel_sidecar.utils$sync_exec$fn__15812.invoke (utils.clj:12)
    clojure.core$binding_conveyor_fn$fn__6772.invoke (core.clj:2023)
    clojure.lang.AFn.applyToHelper (AFn.java:154)
    clojure.lang.RestFn.applyTo (RestFn.java:132)
    clojure.lang.Agent$Action.doRun (Agent.java:114)
    clojure.lang.Agent$Action.run (Agent.java:163)
    java.util.concurrent.ThreadPoolExecutor.runWorker (ThreadPoolExecutor.java:1142)
    java.util.concurrent.ThreadPoolExecutor$Worker.run (ThreadPoolExecutor.java:617)
    java.lang.Thread.run (Thread.java:745)

Running Frontend REPL...
Starting client dev build with figwheel...
Figwheel: Stopped watching CSS Watcher paths  ["resources/public/css"]
Figwheel: Stopped watching build - dev
Figwheel: Stopping Websocket Server
Figwheel: Starting server at http://0.0.0.0:3449
Figwheel: Watching build - dev
[0mCompiling "resources/public/js/compiled/vimsical.js" from ["src/frontend" "src/common" "src/vcs" "dev/frontend"]...[0m
[32mSuccessfully compiled "resources/public/js/compiled/vimsical.js" in 2.471 seconds.[0m
Figwheel: Starting CSS Watcher for paths  ["resources/public/css"]
Launching ClojureScript REPL for build: dev
Figwheel Controls:
          (stop-autobuild)                ;; stops Figwheel autobuilder
          (start-autobuild [id ...])      ;; starts autobuilder focused on optional ids
          (switch-to-build id ...)        ;; switches autobuilder to different build
          (reset-autobuild)               ;; stops, cleans, and starts autobuilder
          (reload-config)                 ;; reloads build config and resets autobuild
          (build-once [id ...])           ;; builds source one time
          (clean-builds [id ..])          ;; deletes compiled cljs target files
          (print-config [id ...])         ;; prints out build configurations
          (fig-status)                    ;; displays current state of system
          (figwheel.client/set-autoload false)    ;; will turn autoloading off
          (figwheel.client/set-repl-pprint false) ;; will turn pretty printing off
  Switch REPL build focus:
          :cljs/quit                      ;; allows you to switch REPL to another build
    Docs: (doc function-name-here)
    Exit: Control+C or :cljs/quit
 Results: Stored in vars *1, *2, *3, *e holds last exception object
Prompt will show when Figwheel connects to your application
To quit, type: :cljs/quit
dev:cljs.user=> dev:cljs.user=> dev:cljs.user=> dev:cljs.user=> dev:cljs.user=> dev:cljs.user=> dev:cljs.user=> [36m----  Couldn't load Clojure file  src/frontend/vimsical/frontend/core.cljc   line:17  column:3  ----[0m

  [1mNo such var: reagent/render[0m

  [36m15[0m  [36m(defn mount-root [][0m
  [36m16[0m  [36m  (re-frame/clear-subscription-cache!)[0m
  [33m17[0m  [1m  (reagent/render [temp-root][0m
  [0m  [0m  [33m  ^--- No such var: reagent/render[0m
  [36m18[0m  [36m                  (.getElementById js/document "app")))[0m
  [36m19[0m  [36m[0m
  [36m20[0m  [36m(defn ^:export init [][0m

[36m----  Exception Stack Trace  ----[0m

java.lang.RuntimeException: No such var: reagent/render
 at clojure.lang.Util.runtimeException (Util.java:221)
    clojure.lang.Compiler.resolveIn (Compiler.java:7189)
    clojure.lang.Compiler.resolve (Compiler.java:7159)
    clojure.lang.Compiler.analyzeSymbol (Compiler.java:7120)
    clojure.lang.Compiler.analyze (Compiler.java:6680)
    clojure.lang.Compiler.analyze (Compiler.java:6657)
    clojure.lang.Compiler$InvokeExpr.parse (Compiler.java:3767)
    clojure.lang.Compiler.analyzeSeq (Compiler.java:6921)
    clojure.lang.Compiler.analyze (Compiler.java:6701)
    clojure.lang.Compiler.analyze (Compiler.java:6657)
    clojure.lang.Compiler$BodyExpr$Parser.parse (Compiler.java:6030)
    clojure.lang.Compiler$FnMethod.parse (Compiler.java:5407)
    clojure.lang.Compiler$FnExpr.parse (Compiler.java:3973)
    clojure.lang.Compiler.analyzeSeq (Compiler.java:6917)
    clojure.lang.Compiler.analyze (Compiler.java:6701)
    clojure.lang.Compiler.analyzeSeq (Compiler.java:6907)
    clojure.lang.Compiler.analyze (Compiler.java:6701)
    clojure.lang.Compiler.access$300 (Compiler.java:38)
    clojure.lang.Compiler$DefExpr$Parser.parse (Compiler.java:589)
    clojure.lang.Compiler.analyzeSeq (Compiler.java:6919)
    clojure.lang.Compiler.analyze (Compiler.java:6701)
    clojure.lang.Compiler.analyze (Compiler.java:6657)
    clojure.lang.Compiler.eval (Compiler.java:6982)
    clojure.lang.Compiler.load (Compiler.java:7430)
    clojure.lang.Compiler.loadFile (Compiler.java:7368)
    clojure.lang.RT$3.invoke (RT.java:322)
    figwheel_sidecar.build_middleware.clj_reloading$handle_clj_source_reloading.invokeStatic (clj_reloading.clj:61)
    figwheel_sidecar.build_middleware.clj_reloading$handle_clj_source_reloading.invoke (clj_reloading.clj:46)
    figwheel_sidecar.build_middleware.clj_reloading$hook$fn__26490.invoke (clj_reloading.clj:93)
    figwheel_sidecar.build_middleware.javascript_reloading$hook$fn__26523.invoke (javascript_reloading.clj:48)
    figwheel_sidecar.components.cljs_autobuild$color_output$fn__26576.invoke (cljs_autobuild.clj:79)
    figwheel_sidecar.components.cljs_autobuild$execute_build$fn__26617.invoke (cljs_autobuild.clj:231)
    figwheel_sidecar.utils$sync_exec$fn__15812$fn__15813.invoke (utils.clj:13)
    figwheel_sidecar.utils$sync_exec$fn__15812.invoke (utils.clj:12)
    clojure.core$binding_conveyor_fn$fn__6772.invoke (core.clj:2023)
    clojure.lang.AFn.applyToHelper (AFn.java:154)
    clojure.lang.RestFn.applyTo (RestFn.java:132)
    clojure.lang.Agent$Action.doRun (Agent.java:114)
    clojure.lang.Agent$Action.run (Agent.java:163)
    java.util.concurrent.ThreadPoolExecutor.runWorker (ThreadPoolExecutor.java:1142)
    java.util.concurrent.ThreadPoolExecutor$Worker.run (ThreadPoolExecutor.java:617)
    java.lang.Thread.run (Thread.java:745)

[36m----  Couldn't load Clojure file  src/frontend/vimsical/frontend/core.cljc   line:16  column:3  ----[0m

  [1mNo such var: reagent/render[0m

  [36m14[0m  [36m(defn mount-root [][0m
  [36m15[0m  [36m  (re-frame/clear-subscription-cache!)[0m
  [33m16[0m  [1m  (reagent/render [temp-root][0m
  [0m  [0m  [33m  ^--- No such var: reagent/render[0m
  [36m17[0m  [36m                  (.getElementById js/document "app")))[0m
  [36m18[0m  [36m[0m
  [36m19[0m  [36m(defn ^:export init [][0m

[36m----  Exception Stack Trace  ----[0m

java.lang.RuntimeException: No such var: reagent/render
 at clojure.lang.Util.runtimeException (Util.java:221)
    clojure.lang.Compiler.resolveIn (Compiler.java:7189)
    clojure.lang.Compiler.resolve (Compiler.java:7159)
    clojure.lang.Compiler.analyzeSymbol (Compiler.java:7120)
    clojure.lang.Compiler.analyze (Compiler.java:6680)
    clojure.lang.Compiler.analyze (Compiler.java:6657)
    clojure.lang.Compiler$InvokeExpr.parse (Compiler.java:3767)
    clojure.lang.Compiler.analyzeSeq (Compiler.java:6921)
    clojure.lang.Compiler.analyze (Compiler.java:6701)
    clojure.lang.Compiler.analyze (Compiler.java:6657)
    clojure.lang.Compiler$BodyExpr$Parser.parse (Compiler.java:6030)
    clojure.lang.Compiler$FnMethod.parse (Compiler.java:5407)
    clojure.lang.Compiler$FnExpr.parse (Compiler.java:3973)
    clojure.lang.Compiler.analyzeSeq (Compiler.java:6917)
    clojure.lang.Compiler.analyze (Compiler.java:6701)
    clojure.lang.Compiler.analyzeSeq (Compiler.java:6907)
    clojure.lang.Compiler.analyze (Compiler.java:6701)
    clojure.lang.Compiler.access$300 (Compiler.java:38)
    clojure.lang.Compiler$DefExpr$Parser.parse (Compiler.java:589)
    clojure.lang.Compiler.analyzeSeq (Compiler.java:6919)
    clojure.lang.Compiler.analyze (Compiler.java:6701)
    clojure.lang.Compiler.analyze (Compiler.java:6657)
    clojure.lang.Compiler.eval (Compiler.java:6982)
    clojure.lang.Compiler.load (Compiler.java:7430)
    clojure.lang.Compiler.loadFile (Compiler.java:7368)
    clojure.lang.RT$3.invoke (RT.java:322)
    figwheel_sidecar.build_middleware.clj_reloading$handle_clj_source_reloading.invokeStatic (clj_reloading.clj:61)
    figwheel_sidecar.build_middleware.clj_reloading$handle_clj_source_reloading.invoke (clj_reloading.clj:46)
    figwheel_sidecar.build_middleware.clj_reloading$hook$fn__26490.invoke (clj_reloading.clj:93)
    figwheel_sidecar.build_middleware.javascript_reloading$hook$fn__26523.invoke (javascript_reloading.clj:48)
    figwheel_sidecar.components.cljs_autobuild$color_output$fn__26576.invoke (cljs_autobuild.clj:79)
    figwheel_sidecar.components.cljs_autobuild$execute_build$fn__26617.invoke (cljs_autobuild.clj:231)
    figwheel_sidecar.utils$sync_exec$fn__15812$fn__15813.invoke (utils.clj:13)
    figwheel_sidecar.utils$sync_exec$fn__15812.invoke (utils.clj:12)
    clojure.core$binding_conveyor_fn$fn__6772.invoke (core.clj:2023)
    clojure.lang.AFn.applyToHelper (AFn.java:154)
    clojure.lang.RestFn.applyTo (RestFn.java:132)
    clojure.lang.Agent$Action.doRun (Agent.java:114)
    clojure.lang.Agent$Action.run (Agent.java:163)
    java.util.concurrent.ThreadPoolExecutor.runWorker (ThreadPoolExecutor.java:1142)
    java.util.concurrent.ThreadPoolExecutor$Worker.run (ThreadPoolExecutor.java:617)
    java.lang.Thread.run (Thread.java:745)

[36m----  Couldn't load Clojure file  src/frontend/vimsical/frontend/core.cljc   line:16  column:3  ----[0m

  [1mNo such var: reagent/render[0m

  [36m14[0m  [36m(defn mount-root [][0m
  [36m15[0m  [36m  (re-frame/clear-subscription-cache!)[0m
  [33m16[0m  [1m  (reagent/render [temp-root][0m
  [0m  [0m  [33m  ^--- No such var: reagent/render[0m
  [36m17[0m  [36m                  (.getElementById js/document "app")))[0m
  [36m18[0m  [36m[0m
  [36m19[0m  [36m(defn ^:export init [][0m

[36m----  Exception Stack Trace  ----[0m

java.lang.RuntimeException: No such var: reagent/render
 at clojure.lang.Util.runtimeException (Util.java:221)
    clojure.lang.Compiler.resolveIn (Compiler.java:7189)
    clojure.lang.Compiler.resolve (Compiler.java:7159)
    clojure.lang.Compiler.analyzeSymbol (Compiler.java:7120)
    clojure.lang.Compiler.analyze (Compiler.java:6680)
    clojure.lang.Compiler.analyze (Compiler.java:6657)
    clojure.lang.Compiler$InvokeExpr.parse (Compiler.java:3767)
    clojure.lang.Compiler.analyzeSeq (Compiler.java:6921)
    clojure.lang.Compiler.analyze (Compiler.java:6701)
    clojure.lang.Compiler.analyze (Compiler.java:6657)
    clojure.lang.Compiler$BodyExpr$Parser.parse (Compiler.java:6030)
    clojure.lang.Compiler$FnMethod.parse (Compiler.java:5407)
    clojure.lang.Compiler$FnExpr.parse (Compiler.java:3973)
    clojure.lang.Compiler.analyzeSeq (Compiler.java:6917)
    clojure.lang.Compiler.analyze (Compiler.java:6701)
    clojure.lang.Compiler.analyzeSeq (Compiler.java:6907)
    clojure.lang.Compiler.analyze (Compiler.java:6701)
    clojure.lang.Compiler.access$300 (Compiler.java:38)
    clojure.lang.Compiler$DefExpr$Parser.parse (Compiler.java:589)
    clojure.lang.Compiler.analyzeSeq (Compiler.java:6919)
    clojure.lang.Compiler.analyze (Compiler.java:6701)
    clojure.lang.Compiler.analyze (Compiler.java:6657)
    clojure.lang.Compiler.eval (Compiler.java:6982)
    clojure.lang.Compiler.load (Compiler.java:7430)
    clojure.lang.Compiler.loadFile (Compiler.java:7368)
    clojure.lang.RT$3.invoke (RT.java:322)
    figwheel_sidecar.build_middleware.clj_reloading$handle_clj_source_reloading.invokeStatic (clj_reloading.clj:61)
    figwheel_sidecar.build_middleware.clj_reloading$handle_clj_source_reloading.invoke (clj_reloading.clj:46)
    figwheel_sidecar.build_middleware.clj_reloading$hook$fn__26490.invoke (clj_reloading.clj:93)
    figwheel_sidecar.build_middleware.javascript_reloading$hook$fn__26523.invoke (javascript_reloading.clj:48)
    figwheel_sidecar.components.cljs_autobuild$color_output$fn__26576.invoke (cljs_autobuild.clj:79)
    figwheel_sidecar.components.cljs_autobuild$execute_build$fn__26617.invoke (cljs_autobuild.clj:231)
    figwheel_sidecar.utils$sync_exec$fn__15812$fn__15813.invoke (utils.clj:13)
    figwheel_sidecar.utils$sync_exec$fn__15812.invoke (utils.clj:12)
    clojure.core$binding_conveyor_fn$fn__6772.invoke (core.clj:2023)
    clojure.lang.AFn.applyToHelper (AFn.java:154)
    clojure.lang.RestFn.applyTo (RestFn.java:132)
    clojure.lang.Agent$Action.doRun (Agent.java:114)
    clojure.lang.Agent$Action.run (Agent.java:163)
    java.util.concurrent.ThreadPoolExecutor.runWorker (ThreadPoolExecutor.java:1142)
    java.util.concurrent.ThreadPoolExecutor$Worker.run (ThreadPoolExecutor.java:617)
    java.lang.Thread.run (Thread.java:745)

Running Frontend REPL...
Starting client dev build with figwheel...
Figwheel: Stopped watching CSS Watcher paths  ["resources/public/css"]
Figwheel: Stopped watching build - dev
Figwheel: Stopping Websocket Server
Figwheel: Starting server at http://0.0.0.0:3449
Figwheel: Watching build - dev
[0mCompiling "resources/public/js/compiled/vimsical.js" from ["src/frontend" "src/common" "src/vcs" "dev/frontend"]...[0m
[32mSuccessfully compiled "resources/public/js/compiled/vimsical.js" in 1.784 seconds.[0m
Figwheel: Starting CSS Watcher for paths  ["resources/public/css"]
Launching ClojureScript REPL for build: dev
Figwheel Controls:
          (stop-autobuild)                ;; stops Figwheel autobuilder
          (start-autobuild [id ...])      ;; starts autobuilder focused on optional ids
          (switch-to-build id ...)        ;; switches autobuilder to different build
          (reset-autobuild)               ;; stops, cleans, and starts autobuilder
          (reload-config)                 ;; reloads build config and resets autobuild
          (build-once [id ...])           ;; builds source one time
          (clean-builds [id ..])          ;; deletes compiled cljs target files
          (print-config [id ...])         ;; prints out build configurations
          (fig-status)                    ;; displays current state of system
          (figwheel.client/set-autoload false)    ;; will turn autoloading off
          (figwheel.client/set-repl-pprint false) ;; will turn pretty printing off
  Switch REPL build focus:
          :cljs/quit                      ;; allows you to switch REPL to another build
    Docs: (doc function-name-here)
    Exit: Control+C or :cljs/quit
 Results: Stored in vars *1, *2, *3, *e holds last exception object
Prompt will show when Figwheel connects to your application
To quit, type: :cljs/quit
dev:cljs.user=> [0mCompiling "resources/public/js/compiled/vimsical.js" from ["src/frontend" "src/common" "src/vcs"]...[0m
[32mSuccessfully compiled "resources/public/js/compiled/vimsical.js" in 1.559 seconds.[0m
notifying browser that file changed:  resources/public/js/compiled/out/goog/deps.js
notifying browser that file changed:  resources/public/js/compiled/out/cljs_deps.js
notifying browser that file changed:  resources/public/js/compiled/out/vimsical/frontend/core.js
Starting client dev build with figwheel...
Figwheel: Stopped watching CSS Watcher paths  ["resources/public/css"]
Figwheel: Stopped watching build - dev
Figwheel: Stopping Websocket Server
Figwheel: Starting server at http://0.0.0.0:3449
Figwheel: Watching build - dev
[0mCompiling "resources/public/js/compiled/vimsical.js" from ["src/frontend" "src/common" "src/vcs" "dev/frontend"]...[0m
[31mFailed to compile "resources/public/js/compiled/vimsical.js" in 3.977 seconds.[0m
[36m----  Exception    ----[0m

  [1mAssert failed: file:/Users/den/Dropbox/dev/code/vimsical/vimsical/dev/frontend/figwheel.cljc does not provide a namespace
(first provides)[0m

[36m----  Exception Stack Trace  ----[0m

java.lang.AssertionError: Assert failed: file:/Users/den/Dropbox/dev/code/vimsical/vimsical/dev/frontend/figwheel.cljc does not provide a namespace
(first provides)
 at cljs.closure$javascript_file.invokeStatic (closure.clj:399)
    cljs.closure$javascript_file.invoke (closure.clj:395)
    cljs.closure$map__GT_javascript_file.invokeStatic (closure.clj:404)
    cljs.closure$map__GT_javascript_file.invoke (closure.clj:402)
    cljs.closure$compiled_file.invokeStatic (closure.clj:465)
    cljs.closure$compiled_file.invoke (closure.clj:457)
    cljs.closure$compile_file.invokeStatic (closure.clj:486)
    cljs.closure$compile_file.invoke (closure.clj:477)
    cljs.closure$eval6049$fn__6050.invoke (closure.clj:555)
    cljs.closure$eval5985$fn__5986$G__5974__5993.invoke (closure.clj:439)
    cljs.closure$compile_task$fn__6143.invoke (closure.clj:851)
    cljs.closure$compile_task.invokeStatic (closure.clj:847)
    cljs.closure$compile_task.invoke (closure.clj:839)
    cljs.closure$parallel_compile_sources$fn__6153.invoke (closure.clj:878)
    clojure.lang.AFn.applyToHelper (AFn.java:152)
    clojure.lang.AFn.applyTo (AFn.java:144)
    clojure.core$apply.invokeStatic (core.clj:657)
    clojure.core$with_bindings_STAR_.invokeStatic (core.clj:1963)
    clojure.core$with_bindings_STAR_.doInvoke (core.clj:1963)
    clojure.lang.RestFn.invoke (RestFn.java:425)
    clojure.lang.AFn.applyToHelper (AFn.java:156)
    clojure.lang.RestFn.applyTo (RestFn.java:132)
    clojure.core$apply.invokeStatic (core.clj:661)
    clojure.core$bound_fn_STAR_$fn__6752.doInvoke (core.clj:1993)
    clojure.lang.RestFn.invoke (RestFn.java:397)
    clojure.lang.AFn.run (AFn.java:22)
    java.util.concurrent.ThreadPoolExecutor.runWorker (ThreadPoolExecutor.java:1142)
    java.util.concurrent.ThreadPoolExecutor$Worker.run (ThreadPoolExecutor.java:617)
    java.lang.Thread.run (Thread.java:745)

Figwheel: Starting CSS Watcher for paths  ["resources/public/css"]
Launching ClojureScript REPL for build: dev
Figwheel Controls:
          (stop-autobuild)                ;; stops Figwheel autobuilder
          (start-autobuild [id ...])      ;; starts autobuilder focused on optional ids
          (switch-to-build id ...)        ;; switches autobuilder to different build
          (reset-autobuild)               ;; stops, cleans, and starts autobuilder
          (reload-config)                 ;; reloads build config and resets autobuild
          (build-once [id ...])           ;; builds source one time
          (clean-builds [id ..])          ;; deletes compiled cljs target files
          (print-config [id ...])         ;; prints out build configurations
          (fig-status)                    ;; displays current state of system
          (figwheel.client/set-autoload false)    ;; will turn autoloading off
          (figwheel.client/set-repl-pprint false) ;; will turn pretty printing off
  Switch REPL build focus:
          :cljs/quit                      ;; allows you to switch REPL to another build
    Docs: (doc function-name-here)
    Exit: Control+C or :cljs/quit
 Results: Stored in vars *1, *2, *3, *e holds last exception object
Prompt will show when Figwheel connects to your application
Starting client dev build with figwheel...
Figwheel: Stopped watching CSS Watcher paths  ["resources/public/css"]
Figwheel: Stopped watching build - dev
Figwheel: Stopping Websocket Server
Starting client dev build with figwheel...
Figwheel: Stopped watching CSS Watcher paths  ["resources/public/css"]
Figwheel: Stopped watching build - dev
Figwheel: Stopping Websocket Server
Figwheel: Starting server at http://0.0.0.0:3449
Figwheel: Watching build - dev
[0mCompiling "resources/public/js/compiled/vimsical.js" from ["src/frontend" "src/common" "src/vcs" "dev/frontend"]...[0m
